  BasicWeapon.cpp
  Blade.cpp
e:\hkii 2019\phát triển game\sh-studio-ec996b502f18b897684276431aa63ff202b3bfef\ninja\ninja\blade.cpp(93): warning C4244: '+=': conversion from 'double' to 'float', possible loss of data
  BombGun.cpp
  BombGun_Fired.cpp
  Boss.cpp
e:\hkii 2019\phát triển game\sh-studio-ec996b502f18b897684276431aa63ff202b3bfef\ninja\ninja\boss.cpp(98): warning C4305: '=': truncation from 'double' to 'float'
e:\hkii 2019\phát triển game\sh-studio-ec996b502f18b897684276431aa63ff202b3bfef\ninja\ninja\boss.cpp(126): warning C4244: 'argument': conversion from 'time_t' to 'unsigned int', possible loss of data
  CBlueShuriken.cpp
  CBoard.cpp
  CRedShuriken.cpp
  CWeapon.cpp
e:\hkii 2019\phát triển game\sh-studio-ec996b502f18b897684276431aa63ff202b3bfef\ninja\ninja\cweapon.cpp(90): warning C4244: '=': conversion from 'float' to 'LONG', possible loss of data
e:\hkii 2019\phát triển game\sh-studio-ec996b502f18b897684276431aa63ff202b3bfef\ninja\ninja\cweapon.cpp(91): warning C4244: '=': conversion from 'float' to 'LONG', possible loss of data
e:\hkii 2019\phát triển game\sh-studio-ec996b502f18b897684276431aa63ff202b3bfef\ninja\ninja\cweapon.cpp(92): warning C4244: '=': conversion from 'float' to 'LONG', possible loss of data
e:\hkii 2019\phát triển game\sh-studio-ec996b502f18b897684276431aa63ff202b3bfef\ninja\ninja\cweapon.cpp(93): warning C4244: '=': conversion from 'float' to 'LONG', possible loss of data
  Dagger.cpp
e:\hkii 2019\phát triển game\sh-studio-ec996b502f18b897684276431aa63ff202b3bfef\ninja\ninja\dagger.cpp(118): warning C4244: '+=': conversion from 'double' to 'float', possible loss of data
  Footballguy.cpp
  Game.cpp
  Game_Over.cpp
  Grid.cpp
e:\hkii 2019\phát triển game\sh-studio-ec996b502f18b897684276431aa63ff202b3bfef\ninja\ninja\grid.cpp(37): warning C4101: 'xStart': unreferenced local variable
e:\hkii 2019\phát triển game\sh-studio-ec996b502f18b897684276431aa63ff202b3bfef\ninja\ninja\grid.cpp(37): warning C4101: 'xEnd': unreferenced local variable
e:\hkii 2019\phát triển game\sh-studio-ec996b502f18b897684276431aa63ff202b3bfef\ninja\ninja\grid.cpp(107): warning C4018: '<': signed/unsigned mismatch
e:\hkii 2019\phát triển game\sh-studio-ec996b502f18b897684276431aa63ff202b3bfef\ninja\ninja\grid.cpp(149): warning C4244: 'argument': conversion from 'float' to 'int', possible loss of data
e:\hkii 2019\phát triển game\sh-studio-ec996b502f18b897684276431aa63ff202b3bfef\ninja\ninja\grid.cpp(155): warning C4244: 'argument': conversion from 'float' to 'int', possible loss of data
e:\hkii 2019\phát triển game\sh-studio-ec996b502f18b897684276431aa63ff202b3bfef\ninja\ninja\grid.cpp(168): warning C4244: 'argument': conversion from 'int' to 'float', possible loss of data
e:\hkii 2019\phát triển game\sh-studio-ec996b502f18b897684276431aa63ff202b3bfef\ninja\ninja\grid.cpp(208): warning C4244: '=': conversion from 'float' to 'LONG', possible loss of data
e:\hkii 2019\phát triển game\sh-studio-ec996b502f18b897684276431aa63ff202b3bfef\ninja\ninja\grid.cpp(209): warning C4244: '=': conversion from 'float' to 'LONG', possible loss of data
e:\hkii 2019\phát triển game\sh-studio-ec996b502f18b897684276431aa63ff202b3bfef\ninja\ninja\grid.cpp(210): warning C4244: '=': conversion from 'float' to 'LONG', possible loss of data
e:\hkii 2019\phát triển game\sh-studio-ec996b502f18b897684276431aa63ff202b3bfef\ninja\ninja\grid.cpp(211): warning C4244: '=': conversion from 'float' to 'LONG', possible loss of data
e:\hkii 2019\phát triển game\sh-studio-ec996b502f18b897684276431aa63ff202b3bfef\ninja\ninja\grid.cpp(224): warning C4018: '<': signed/unsigned mismatch
  GunRage.cpp
e:\hkii 2019\phát triển game\sh-studio-ec996b502f18b897684276431aa63ff202b3bfef\ninja\ninja\gunrage.cpp(15): warning C4305: '=': truncation from 'double' to 'float'
  GunRage_Shoot.cpp
  Ninja.cpp
e:\hkii 2019\phát triển game\sh-studio-ec996b502f18b897684276431aa63ff202b3bfef\ninja\ninja\ninja.cpp(269): warning C4244: '=': conversion from 'double' to 'float', possible loss of data
  Panther.cpp
e:\hkii 2019\phát triển game\sh-studio-ec996b502f18b897684276431aa63ff202b3bfef\ninja\ninja\panther.cpp(15): warning C4305: '=': truncation from 'double' to 'float'
e:\hkii 2019\phát triển game\sh-studio-ec996b502f18b897684276431aa63ff202b3bfef\ninja\ninja\panther.cpp(97): warning C4244: '+=': conversion from 'double' to 'float', possible loss of data
  Scene_End.cpp
  Scene_Game.cpp
  Generating Code...
e:\hkii 2019\phát triển game\sh-studio-ec996b502f18b897684276431aa63ff202b3bfef\ninja\ninja\grid.cpp(159): warning C4715: 'Grid::NewObject': not all control paths return a value
  Compiling...
  Scene_Intro.cpp
  Sound.cpp
  Timer.cpp
  main.cpp
e:\hkii 2019\phát triển game\sh-studio-ec996b502f18b897684276431aa63ff202b3bfef\ninja\ninja\main.cpp(16): warning C4005: 'WINDOW_CLASS_NAME': macro redefinition
  e:\hkii 2019\phát triển game\sh-studio-ec996b502f18b897684276431aa63ff202b3bfef\ninja\ninja\define.h(8): note: see previous definition of 'WINDOW_CLASS_NAME'
e:\hkii 2019\phát triển game\sh-studio-ec996b502f18b897684276431aa63ff202b3bfef\ninja\ninja\main.cpp(17): warning C4005: 'MAIN_WINDOW_TITLE': macro redefinition
  e:\hkii 2019\phát triển game\sh-studio-ec996b502f18b897684276431aa63ff202b3bfef\ninja\ninja\define.h(9): note: see previous definition of 'MAIN_WINDOW_TITLE'
e:\hkii 2019\phát triển game\sh-studio-ec996b502f18b897684276431aa63ff202b3bfef\ninja\ninja\main.cpp(18): warning C4005: 'BACKGROUND_COLOR': macro redefinition
  e:\hkii 2019\phát triển game\sh-studio-ec996b502f18b897684276431aa63ff202b3bfef\ninja\ninja\define.h(10): note: see previous definition of 'BACKGROUND_COLOR'
  Generating Code...
  Ninja.vcxproj -> E:\HKII 2019\Phát Triển Game\SH-Studio-ec996b502f18b897684276431aa63ff202b3bfef\Ninja\Debug\Ninja.exe
